<?xml version="1.0" encoding="UTF-8"?>
<!-- Generated by org.testng.reporters.JUnitReportReporter -->
<testsuite hostname="ARPGL002607" failures="0" tests="4" name="com.web.test.FlightBookingTest" time="14.576" errors="0" timestamp="2022-10-10T15:50:45 IST" skipped="0">
  <testcase classname="com.web.test.FlightBookingTest" name="openApplication" time="9.902"/>
  <system-out/>
  <testcase classname="com.web.test.FlightBookingTest" name="selectFromCity" time="0.264"/>
  <system-out/>
  <testcase classname="com.web.test.FlightBookingTest" name="selectToCity" time="2.263"/>
  <system-out/>
  <testcase classname="com.web.test.FlightBookingTest" name="searchFlight" time="2.147"/>
  <system-out/>
</testsuite> <!-- com.web.test.FlightBookingTest -->
